# This is the CMakeCache file.
# For build in directory: /home/nathan/pcl_lib/build
# It was generated by CMake: /usr/bin/cmake
# You can edit this file to change values found and used by cmake.
# If you do not want to change any of the values, simply exit the editor.
# If you do want to change a value, simply edit, save, and exit the editor.
# The syntax for the file is as follows:
# KEY:TYPE=VALUE
# KEY is the name of a variable in the cache.
# TYPE is a hint to GUIs for the type of VALUE, DO NOT EDIT TYPE!.
# VALUE is the current value for the KEY.

########################
# EXTERNAL cache entries
########################

//Builds the googlemock subproject
BUILD_GMOCK:BOOL=ON

//Build the testing tree.
BUILD_TESTING:BOOL=ON

//Value Computed by CMake
CCCL_BINARY_DIR:STATIC=/home/nathan/pcl_lib/build/_deps/cccl-build

//The directory containing a CMake configuration file for CCCL.
CCCL_DIR:PATH=CCCL_DIR-NOTFOUND

//Enable CUDA C++ Core Library benchmarks.
CCCL_ENABLE_BENCHMARKS:BOOL=OFF

//Enable CUDA C Core Library.
CCCL_ENABLE_C:BOOL=OFF

//Enable the CUB developer build.
CCCL_ENABLE_CUB:BOOL=OFF

//Create a CCCL::Thrust target using CCCL_THRUST_[HOST|DEVICE]_SYSTEM.
CCCL_ENABLE_DEFAULT_THRUST_TARGET:BOOL=ON

//Enable CUDA C++ Core Library examples.
CCCL_ENABLE_EXAMPLES:BOOL=OFF

//Enable the libcu++ developer build.
CCCL_ENABLE_LIBCUDACXX:BOOL=OFF

//Enable CUDA C++ Core Library tests.
CCCL_ENABLE_TESTING:BOOL=OFF

//Enable the Thrust developer build.
CCCL_ENABLE_THRUST:BOOL=OFF

//Enable targets and developer build options for unstable projects.
CCCL_ENABLE_UNSTABLE:BOOL=OFF

//Value Computed by CMake
CCCL_IS_TOP_LEVEL:STATIC=OFF

//Value Computed by CMake
CCCL_SOURCE_DIR:STATIC=/home/nathan/pcl_lib/build/_deps/cccl-src

//Device system for CCCL::Thrust target.
CCCL_THRUST_DEVICE_SYSTEM:STRING=CUDA

//Host system for CCCL::Thrust target.
CCCL_THRUST_HOST_SYSTEM:STRING=CPP

//Path to a program.
CMAKE_ADDR2LINE:FILEPATH=/usr/bin/addr2line

//Path to a program.
CMAKE_AR:FILEPATH=/usr/bin/ar

//Choose the type of build.
CMAKE_BUILD_TYPE:STRING=Release

//Enable/Disable color output during build.
CMAKE_COLOR_MAKEFILE:BOOL=ON

//CUDA architectures
CMAKE_CUDA_ARCHITECTURES:STRING=70-real;75-real;80-real;86-real;90a-real;90-virtual

//CUDA compiler
CMAKE_CUDA_COMPILER:STRING=/usr/bin/nvcc

//Flags used by the CUDA compiler during all build types.
CMAKE_CUDA_FLAGS:STRING=

//Flags used by the CUDA compiler during DEBUG builds.
CMAKE_CUDA_FLAGS_DEBUG:STRING=-g

//Flags used by the CUDA compiler during MINSIZEREL builds.
CMAKE_CUDA_FLAGS_MINSIZEREL:STRING=-O1 -DNDEBUG

//Flags used by the CUDA compiler during RELEASE builds.
CMAKE_CUDA_FLAGS_RELEASE:STRING=-O3 -DNDEBUG

//Flags used by the CUDA compiler during RELWITHDEBINFO builds.
CMAKE_CUDA_FLAGS_RELWITHDEBINFO:STRING=-O2 -g -DNDEBUG

//CXX compiler
CMAKE_CXX_COMPILER:STRING=/usr/bin/c++

//A wrapper around 'ar' adding the appropriate '--plugin' option
// for the GCC compiler
CMAKE_CXX_COMPILER_AR:FILEPATH=/usr/bin/gcc-ar-13

//A wrapper around 'ranlib' adding the appropriate '--plugin' option
// for the GCC compiler
CMAKE_CXX_COMPILER_RANLIB:FILEPATH=/usr/bin/gcc-ranlib-13

//Flags used by the CXX compiler during all build types.
CMAKE_CXX_FLAGS:STRING=

//Flags used by the CXX compiler during DEBUG builds.
CMAKE_CXX_FLAGS_DEBUG:STRING=-g

//Flags used by the CXX compiler during MINSIZEREL builds.
CMAKE_CXX_FLAGS_MINSIZEREL:STRING=-Os -DNDEBUG

//Flags used by the CXX compiler during RELEASE builds.
CMAKE_CXX_FLAGS_RELEASE:STRING=-O3 -DNDEBUG

//Flags used by the CXX compiler during RELWITHDEBINFO builds.
CMAKE_CXX_FLAGS_RELWITHDEBINFO:STRING=-O2 -g -DNDEBUG

//C compiler
CMAKE_C_COMPILER:STRING=/usr/bin/cc

//A wrapper around 'ar' adding the appropriate '--plugin' option
// for the GCC compiler
CMAKE_C_COMPILER_AR:FILEPATH=/usr/bin/gcc-ar-13

//A wrapper around 'ranlib' adding the appropriate '--plugin' option
// for the GCC compiler
CMAKE_C_COMPILER_RANLIB:FILEPATH=/usr/bin/gcc-ranlib-13

//Flags used by the C compiler during all build types.
CMAKE_C_FLAGS:STRING=

//Flags used by the C compiler during DEBUG builds.
CMAKE_C_FLAGS_DEBUG:STRING=-g

//Flags used by the C compiler during MINSIZEREL builds.
CMAKE_C_FLAGS_MINSIZEREL:STRING=-Os -DNDEBUG

//Flags used by the C compiler during RELEASE builds.
CMAKE_C_FLAGS_RELEASE:STRING=-O3 -DNDEBUG

//Flags used by the C compiler during RELWITHDEBINFO builds.
CMAKE_C_FLAGS_RELWITHDEBINFO:STRING=-O2 -g -DNDEBUG

//Path to a program.
CMAKE_DLLTOOL:FILEPATH=CMAKE_DLLTOOL-NOTFOUND

//Flags used by the linker during all build types.
CMAKE_EXE_LINKER_FLAGS:STRING=

//Flags used by the linker during DEBUG builds.
CMAKE_EXE_LINKER_FLAGS_DEBUG:STRING=

//Flags used by the linker during MINSIZEREL builds.
CMAKE_EXE_LINKER_FLAGS_MINSIZEREL:STRING=

//Flags used by the linker during RELEASE builds.
CMAKE_EXE_LINKER_FLAGS_RELEASE:STRING=

//Flags used by the linker during RELWITHDEBINFO builds.
CMAKE_EXE_LINKER_FLAGS_RELWITHDEBINFO:STRING=

//Enable/Disable output of compile commands during generation.
CMAKE_EXPORT_COMPILE_COMMANDS:BOOL=

//Value Computed by CMake.
CMAKE_FIND_PACKAGE_REDIRECTS_DIR:STATIC=/home/nathan/pcl_lib/build/CMakeFiles/pkgRedirects

//User executables (bin)
CMAKE_INSTALL_BINDIR:PATH=bin

//Read-only architecture-independent data (DATAROOTDIR)
CMAKE_INSTALL_DATADIR:PATH=

//Read-only architecture-independent data root (share)
CMAKE_INSTALL_DATAROOTDIR:PATH=share

//Documentation root (DATAROOTDIR/doc/PROJECT_NAME)
CMAKE_INSTALL_DOCDIR:PATH=

//C header files (include)
CMAKE_INSTALL_INCLUDEDIR:PATH=include

//Info documentation (DATAROOTDIR/info)
CMAKE_INSTALL_INFODIR:PATH=

//Object code libraries (lib)
CMAKE_INSTALL_LIBDIR:PATH=lib

//Program executables (libexec)
CMAKE_INSTALL_LIBEXECDIR:PATH=libexec

//Locale-dependent data (DATAROOTDIR/locale)
CMAKE_INSTALL_LOCALEDIR:PATH=

//Modifiable single-machine data (var)
CMAKE_INSTALL_LOCALSTATEDIR:PATH=var

//Man documentation (DATAROOTDIR/man)
CMAKE_INSTALL_MANDIR:PATH=

//C header files for non-gcc (/usr/include)
CMAKE_INSTALL_OLDINCLUDEDIR:PATH=/usr/include

//Install path prefix, prepended onto install directories.
CMAKE_INSTALL_PREFIX:PATH=/usr/local

//Run-time variable data (LOCALSTATEDIR/run)
CMAKE_INSTALL_RUNSTATEDIR:PATH=

//System admin executables (sbin)
CMAKE_INSTALL_SBINDIR:PATH=sbin

//Modifiable architecture-independent data (com)
CMAKE_INSTALL_SHAREDSTATEDIR:PATH=com

//Read-only single-machine data (etc)
CMAKE_INSTALL_SYSCONFDIR:PATH=etc

//Path to a program.
CMAKE_LINKER:FILEPATH=/usr/bin/ld

//Path to a program.
CMAKE_MAKE_PROGRAM:FILEPATH=/usr/bin/gmake

//Flags used by the linker during the creation of modules during
// all build types.
CMAKE_MODULE_LINKER_FLAGS:STRING=

//Flags used by the linker during the creation of modules during
// DEBUG builds.
CMAKE_MODULE_LINKER_FLAGS_DEBUG:STRING=

//Flags used by the linker during the creation of modules during
// MINSIZEREL builds.
CMAKE_MODULE_LINKER_FLAGS_MINSIZEREL:STRING=

//Flags used by the linker during the creation of modules during
// RELEASE builds.
CMAKE_MODULE_LINKER_FLAGS_RELEASE:STRING=

//Flags used by the linker during the creation of modules during
// RELWITHDEBINFO builds.
CMAKE_MODULE_LINKER_FLAGS_RELWITHDEBINFO:STRING=

//Path to a program.
CMAKE_NM:FILEPATH=/usr/bin/nm

//Path to a program.
CMAKE_OBJCOPY:FILEPATH=/usr/bin/objcopy

//Path to a program.
CMAKE_OBJDUMP:FILEPATH=/usr/bin/objdump

//Value Computed by CMake
CMAKE_PROJECT_COMPAT_VERSION:STATIC=

//Value Computed by CMake
CMAKE_PROJECT_DESCRIPTION:STATIC=

//Value Computed by CMake
CMAKE_PROJECT_HOMEPAGE_URL:STATIC=

//Value Computed by CMake
CMAKE_PROJECT_NAME:STATIC=pcl_lib

//Value Computed by CMake
CMAKE_PROJECT_VERSION:STATIC=1.0

//Value Computed by CMake
CMAKE_PROJECT_VERSION_MAJOR:STATIC=1

//Value Computed by CMake
CMAKE_PROJECT_VERSION_MINOR:STATIC=0

//Value Computed by CMake
CMAKE_PROJECT_VERSION_PATCH:STATIC=

//Value Computed by CMake
CMAKE_PROJECT_VERSION_TWEAK:STATIC=

//Path to a program.
CMAKE_RANLIB:FILEPATH=/usr/bin/ranlib

//Path to a program.
CMAKE_READELF:FILEPATH=/usr/bin/readelf

//Flags used by the linker during the creation of shared libraries
// during all build types.
CMAKE_SHARED_LINKER_FLAGS:STRING=

//Flags used by the linker during the creation of shared libraries
// during DEBUG builds.
CMAKE_SHARED_LINKER_FLAGS_DEBUG:STRING=

//Flags used by the linker during the creation of shared libraries
// during MINSIZEREL builds.
CMAKE_SHARED_LINKER_FLAGS_MINSIZEREL:STRING=

//Flags used by the linker during the creation of shared libraries
// during RELEASE builds.
CMAKE_SHARED_LINKER_FLAGS_RELEASE:STRING=

//Flags used by the linker during the creation of shared libraries
// during RELWITHDEBINFO builds.
CMAKE_SHARED_LINKER_FLAGS_RELWITHDEBINFO:STRING=

//If set, runtime paths are not added when installing shared libraries,
// but are added when building.
CMAKE_SKIP_INSTALL_RPATH:BOOL=NO

//If set, runtime paths are not added when using shared libraries.
CMAKE_SKIP_RPATH:BOOL=NO

//Flags used by the archiver during the creation of static libraries
// during all build types.
CMAKE_STATIC_LINKER_FLAGS:STRING=

//Flags used by the archiver during the creation of static libraries
// during DEBUG builds.
CMAKE_STATIC_LINKER_FLAGS_DEBUG:STRING=

//Flags used by the archiver during the creation of static libraries
// during MINSIZEREL builds.
CMAKE_STATIC_LINKER_FLAGS_MINSIZEREL:STRING=

//Flags used by the archiver during the creation of static libraries
// during RELEASE builds.
CMAKE_STATIC_LINKER_FLAGS_RELEASE:STRING=

//Flags used by the archiver during the creation of static libraries
// during RELWITHDEBINFO builds.
CMAKE_STATIC_LINKER_FLAGS_RELWITHDEBINFO:STRING=

//Path to a program.
CMAKE_STRIP:FILEPATH=/usr/bin/strip

//Path to a program.
CMAKE_TAPI:FILEPATH=CMAKE_TAPI-NOTFOUND

//If this value is on, makefiles will be generated without the
// .SILENT directive, and all commands will be echoed to the console
// during the make.  This is useful for debugging only. With Visual
// Studio IDE projects all commands are done without /nologo.
CMAKE_VERBOSE_MAKEFILE:BOOL=FALSE

//Path to the coverage program that CTest uses for performing coverage
// inspection
COVERAGE_COMMAND:FILEPATH=/usr/bin/gcov

//Extra command line flags to pass to the coverage tool
COVERAGE_EXTRA_FLAGS:STRING=-l

//Don't create a package lock file in the binary path
CPM_DONT_CREATE_PACKAGE_LOCK:BOOL=OFF

//Don't update the module path to allow using find_package
CPM_DONT_UPDATE_MODULE_PATH:BOOL=OFF

//Always download dependencies from source
CPM_DOWNLOAD_ALL:BOOL=OFF

//Add all packages added through CPM.cmake to the package lock
CPM_INCLUDE_ALL_IN_PACKAGE_LOCK:BOOL=OFF

//Only use `find_package` to get dependencies
CPM_LOCAL_PACKAGES_ONLY:BOOL=OFF

//Directory to download CPM dependencies
CPM_SOURCE_CACHE:PATH=OFF

//Always try to use `find_package` to get dependencies
CPM_USE_LOCAL_PACKAGES:BOOL=OFF

//Use additional directory of package name in cache on the most
// nested level.
CPM_USE_NAMED_CACHE_DIRECTORIES:BOOL=OFF

//How many times to retry timed-out CTest submissions.
CTEST_SUBMIT_RETRY_COUNT:STRING=3

//How long to wait between timed-out CTest submissions.
CTEST_SUBMIT_RETRY_DELAY:STRING=5

//Value Computed by CMake
CUB_BINARY_DIR:STATIC=/home/nathan/pcl_lib/build/_deps/cccl-build/cub

//The directory containing a CMake configuration file for CUB.
CUB_DIR:PATH=/home/nathan/pcl_lib/build/_deps/cccl-src/lib/cmake/cub

//Value Computed by CMake
CUB_IS_TOP_LEVEL:STATIC=OFF

//Value Computed by CMake
CUB_SOURCE_DIR:STATIC=/home/nathan/pcl_lib/build/_deps/cccl-src/cub

//Value Computed by CMake
CUCO_BINARY_DIR:STATIC=/home/nathan/pcl_lib/build/_deps/cuco-build

//Download RoaringFormatSpec test data
CUCO_DOWNLOAD_ROARING_TESTDATA:BOOL=ON

//Value Computed by CMake
CUCO_IS_TOP_LEVEL:STATIC=OFF

//Value Computed by CMake
CUCO_SOURCE_DIR:STATIC=/home/nathan/pcl_lib/build/_deps/cuco-src

//Path to a file.
CUDAToolkit_CUPTI_INCLUDE_DIR:PATH=/usr/include

//Path to a library.
CUDAToolkit_rt_LIBRARY:FILEPATH=/usr/lib/x86_64-linux-gnu/librt.a

//Compile device code in 64 bit mode
CUDA_64_BIT_DEVICE_CODE:BOOL=ON

//Attach the build rule to the CUDA source file.  Enable only when
// the CUDA source file is added to at most one target.
CUDA_ATTACH_VS_BUILD_RULE_TO_CUDA_FILE:BOOL=ON

//Generate and parse .cubin files in Device mode.
CUDA_BUILD_CUBIN:BOOL=OFF

//Build in Emulation mode
CUDA_BUILD_EMULATION:BOOL=OFF

//Path to a library.
CUDA_CUDART:FILEPATH=/usr/lib/x86_64-linux-gnu/libcudart.so

//"cudart" library
CUDA_CUDART_LIBRARY:FILEPATH=/usr/lib/x86_64-linux-gnu/libcudart.so

//"cuda" library (older versions only).
CUDA_CUDA_LIBRARY:FILEPATH=/usr/lib/x86_64-linux-gnu/libcuda.so

//Directory to put all the output files.  If blank it will default
// to the CMAKE_CURRENT_BINARY_DIR
CUDA_GENERATED_OUTPUT_DIR:PATH=

//Generated file extension
CUDA_HOST_COMPILATION_CPP:BOOL=ON

//Host side compiler used by NVCC
CUDA_HOST_COMPILER:FILEPATH=

//Path to a program.
CUDA_NVCC_EXECUTABLE:FILEPATH=/usr/bin/nvcc

//Semi-colon delimit multiple arguments. during all build types.
CUDA_NVCC_FLAGS:STRING=

//Semi-colon delimit multiple arguments. during DEBUG builds.
CUDA_NVCC_FLAGS_DEBUG:STRING=

//Semi-colon delimit multiple arguments. during MINSIZEREL builds.
CUDA_NVCC_FLAGS_MINSIZEREL:STRING=

//Semi-colon delimit multiple arguments. during RELEASE builds.
CUDA_NVCC_FLAGS_RELEASE:STRING=

//Semi-colon delimit multiple arguments. during RELWITHDEBINFO
// builds.
CUDA_NVCC_FLAGS_RELWITHDEBINFO:STRING=

//Path to a library.
CUDA_OpenCL_LIBRARY:FILEPATH=/usr/lib/x86_64-linux-gnu/libOpenCL.so

//Propagate C/CXX_FLAGS and friends to the host compiler via -Xcompile
CUDA_PROPAGATE_HOST_FLAGS:BOOL=ON

//Path to a file.
CUDA_SDK_ROOT_DIR:PATH=CUDA_SDK_ROOT_DIR-NOTFOUND

//Compile CUDA objects with separable compilation enabled.  Requires
// CUDA 5.0+
CUDA_SEPARABLE_COMPILATION:BOOL=OFF

//Path to a file.
CUDA_TOOLKIT_INCLUDE:PATH=/usr/include

//Toolkit location.
CUDA_TOOLKIT_ROOT_DIR:PATH=/usr

//Use the static version of the CUDA runtime library if available
CUDA_USE_STATIC_CUDA_RUNTIME:BOOL=ON

//Print out the commands run while compiling the CUDA source file.
//  With the Makefile generator this defaults to VERBOSE variable
// specified on the command line, but can be forced on with this
// option.
CUDA_VERBOSE_BUILD:BOOL=OFF

//Version of CUDA as computed from nvcc.
CUDA_VERSION:STRING=12.0

//Path to a library.
CUDA_cuFile_LIBRARY:FILEPATH=CUDA_cuFile_LIBRARY-NOTFOUND

//Path to a library.
CUDA_cuFile_rdma_LIBRARY:FILEPATH=CUDA_cuFile_rdma_LIBRARY-NOTFOUND

//Path to a library.
CUDA_cuFile_rdma_static_LIBRARY:FILEPATH=CUDA_cuFile_rdma_static_LIBRARY-NOTFOUND

//Path to a library.
CUDA_cuFile_static_LIBRARY:FILEPATH=CUDA_cuFile_static_LIBRARY-NOTFOUND

//Path to a library.
CUDA_cublasLt_LIBRARY:FILEPATH=/usr/lib/x86_64-linux-gnu/libcublasLt.so

//Path to a library.
CUDA_cublasLt_static_LIBRARY:FILEPATH=/usr/lib/x86_64-linux-gnu/libcublasLt_static.a

//Path to a library.
CUDA_cublas_LIBRARY:FILEPATH=/usr/lib/x86_64-linux-gnu/libcublas.so

//Path to a library.
CUDA_cublas_static_LIBRARY:FILEPATH=/usr/lib/x86_64-linux-gnu/libcublas_static.a

//Path to a library.
CUDA_cuda_driver_LIBRARY:FILEPATH=/usr/lib/x86_64-linux-gnu/libcuda.so

//"cudadevrt" library
CUDA_cudadevrt_LIBRARY:FILEPATH=/usr/lib/x86_64-linux-gnu/libcudadevrt.a

//Path to a library.
CUDA_cudart_LIBRARY:FILEPATH=/usr/lib/x86_64-linux-gnu/libcudart.so

//Path to a library.
CUDA_cudart_static_LIBRARY:FILEPATH=/usr/lib/x86_64-linux-gnu/libcudart_static.a

//Path to a library.
CUDA_cudla_LIBRARY:FILEPATH=CUDA_cudla_LIBRARY-NOTFOUND

//Path to a library.
CUDA_cufft_LIBRARY:FILEPATH=/usr/lib/x86_64-linux-gnu/libcufft.so

//Path to a library.
CUDA_cufft_static_LIBRARY:FILEPATH=/usr/lib/x86_64-linux-gnu/libcufft_static.a

//Path to a library.
CUDA_cufft_static_nocallback_LIBRARY:FILEPATH=/usr/lib/x86_64-linux-gnu/libcufft_static_nocallback.a

//Path to a library.
CUDA_cufftw_LIBRARY:FILEPATH=/usr/lib/x86_64-linux-gnu/libcufftw.so

//Path to a library.
CUDA_cufftw_static_LIBRARY:FILEPATH=/usr/lib/x86_64-linux-gnu/libcufftw_static.a

//Path to a library.
CUDA_culibos_LIBRARY:FILEPATH=/usr/lib/x86_64-linux-gnu/libculibos.a

//Path to a library.
CUDA_cupti_LIBRARY:FILEPATH=/usr/lib/x86_64-linux-gnu/libcupti.so

//Path to a library.
CUDA_cupti_static_LIBRARY:FILEPATH=/usr/lib/x86_64-linux-gnu/libcupti_static.a

//Path to a library.
CUDA_curand_LIBRARY:FILEPATH=/usr/lib/x86_64-linux-gnu/libcurand.so

//Path to a library.
CUDA_curand_static_LIBRARY:FILEPATH=/usr/lib/x86_64-linux-gnu/libcurand_static.a

//Path to a library.
CUDA_cusolver_LIBRARY:FILEPATH=/usr/lib/x86_64-linux-gnu/libcusolver.so

//Path to a library.
CUDA_cusolver_lapack_static_LIBRARY:FILEPATH=/usr/lib/x86_64-linux-gnu/libcusolver_lapack_static.a

//Path to a library.
CUDA_cusolver_metis_static_LIBRARY:FILEPATH=/usr/lib/x86_64-linux-gnu/libcusolver_metis_static.a

//Path to a library.
CUDA_cusolver_static_LIBRARY:FILEPATH=/usr/lib/x86_64-linux-gnu/libcusolver_static.a

//Path to a library.
CUDA_cusparse_LIBRARY:FILEPATH=/usr/lib/x86_64-linux-gnu/libcusparse.so

//Path to a library.
CUDA_cusparse_static_LIBRARY:FILEPATH=/usr/lib/x86_64-linux-gnu/libcusparse_static.a

//Path to a library.
CUDA_nppc_LIBRARY:FILEPATH=/usr/lib/x86_64-linux-gnu/libnppc.so

//Path to a library.
CUDA_nppc_static_LIBRARY:FILEPATH=/usr/lib/x86_64-linux-gnu/libnppc_static.a

//Path to a library.
CUDA_nppial_LIBRARY:FILEPATH=/usr/lib/x86_64-linux-gnu/libnppial.so

//Path to a library.
CUDA_nppial_static_LIBRARY:FILEPATH=/usr/lib/x86_64-linux-gnu/libnppial_static.a

//Path to a library.
CUDA_nppicc_LIBRARY:FILEPATH=/usr/lib/x86_64-linux-gnu/libnppicc.so

//Path to a library.
CUDA_nppicc_static_LIBRARY:FILEPATH=/usr/lib/x86_64-linux-gnu/libnppicc_static.a

//Path to a library.
CUDA_nppicom_LIBRARY:FILEPATH=CUDA_nppicom_LIBRARY-NOTFOUND

//Path to a library.
CUDA_nppicom_static_LIBRARY:FILEPATH=CUDA_nppicom_static_LIBRARY-NOTFOUND

//Path to a library.
CUDA_nppidei_LIBRARY:FILEPATH=/usr/lib/x86_64-linux-gnu/libnppidei.so

//Path to a library.
CUDA_nppidei_static_LIBRARY:FILEPATH=/usr/lib/x86_64-linux-gnu/libnppidei_static.a

//Path to a library.
CUDA_nppif_LIBRARY:FILEPATH=/usr/lib/x86_64-linux-gnu/libnppif.so

//Path to a library.
CUDA_nppif_static_LIBRARY:FILEPATH=/usr/lib/x86_64-linux-gnu/libnppif_static.a

//Path to a library.
CUDA_nppig_LIBRARY:FILEPATH=/usr/lib/x86_64-linux-gnu/libnppig.so

//Path to a library.
CUDA_nppig_static_LIBRARY:FILEPATH=/usr/lib/x86_64-linux-gnu/libnppig_static.a

//Path to a library.
CUDA_nppim_LIBRARY:FILEPATH=/usr/lib/x86_64-linux-gnu/libnppim.so

//Path to a library.
CUDA_nppim_static_LIBRARY:FILEPATH=/usr/lib/x86_64-linux-gnu/libnppim_static.a

//Path to a library.
CUDA_nppist_LIBRARY:FILEPATH=/usr/lib/x86_64-linux-gnu/libnppist.so

//Path to a library.
CUDA_nppist_static_LIBRARY:FILEPATH=/usr/lib/x86_64-linux-gnu/libnppist_static.a

//Path to a library.
CUDA_nppisu_LIBRARY:FILEPATH=/usr/lib/x86_64-linux-gnu/libnppisu.so

//Path to a library.
CUDA_nppisu_static_LIBRARY:FILEPATH=/usr/lib/x86_64-linux-gnu/libnppisu_static.a

//Path to a library.
CUDA_nppitc_LIBRARY:FILEPATH=/usr/lib/x86_64-linux-gnu/libnppitc.so

//Path to a library.
CUDA_nppitc_static_LIBRARY:FILEPATH=/usr/lib/x86_64-linux-gnu/libnppitc_static.a

//Path to a library.
CUDA_npps_LIBRARY:FILEPATH=/usr/lib/x86_64-linux-gnu/libnpps.so

//Path to a library.
CUDA_npps_static_LIBRARY:FILEPATH=/usr/lib/x86_64-linux-gnu/libnpps_static.a

//Path to a library.
CUDA_nvJitLink_LIBRARY:FILEPATH=/usr/lib/x86_64-linux-gnu/libnvJitLink.so

//Path to a library.
CUDA_nvJitLink_static_LIBRARY:FILEPATH=/usr/lib/x86_64-linux-gnu/libnvJitLink_static.a

//Path to a library.
CUDA_nvToolsExt_LIBRARY:FILEPATH=/usr/lib/x86_64-linux-gnu/libnvToolsExt.so

//Path to a library.
CUDA_nvgraph_LIBRARY:FILEPATH=CUDA_nvgraph_LIBRARY-NOTFOUND

//Path to a library.
CUDA_nvgraph_static_LIBRARY:FILEPATH=CUDA_nvgraph_static_LIBRARY-NOTFOUND

//Path to a library.
CUDA_nvjpeg_LIBRARY:FILEPATH=/usr/lib/x86_64-linux-gnu/libnvjpeg.so

//Path to a library.
CUDA_nvjpeg_static_LIBRARY:FILEPATH=/usr/lib/x86_64-linux-gnu/libnvjpeg_static.a

//Path to a library.
CUDA_nvml_LIBRARY:FILEPATH=/usr/lib/x86_64-linux-gnu/stubs/libnvidia-ml.so

//Path to a library.
CUDA_nvml_static_LIBRARY:FILEPATH=CUDA_nvml_static_LIBRARY-NOTFOUND

//Path to a library.
CUDA_nvperf_host_LIBRARY:FILEPATH=/usr/lib/x86_64-linux-gnu/libnvperf_host.so

//Path to a library.
CUDA_nvperf_host_static_LIBRARY:FILEPATH=/usr/lib/x86_64-linux-gnu/libnvperf_host_static.a

//Path to a library.
CUDA_nvperf_target_LIBRARY:FILEPATH=/usr/lib/x86_64-linux-gnu/libnvperf_target.so

//Path to a library.
CUDA_nvptxcompiler_static_LIBRARY:FILEPATH=/usr/lib/x86_64-linux-gnu/libnvptxcompiler_static.a

//Path to a library.
CUDA_nvrtc_LIBRARY:FILEPATH=/usr/lib/x86_64-linux-gnu/libnvrtc.so

//Path to a library.
CUDA_nvrtc_builtins_LIBRARY:FILEPATH=/usr/lib/x86_64-linux-gnu/libnvrtc-builtins.so

//Path to a library.
CUDA_nvrtc_builtins_static_LIBRARY:FILEPATH=/usr/lib/x86_64-linux-gnu/libnvrtc-builtins_static.a

//Path to a library.
CUDA_nvrtc_static_LIBRARY:FILEPATH=/usr/lib/x86_64-linux-gnu/libnvrtc_static.a

//Path to a library.
CUDA_pcsamplingutil_LIBRARY:FILEPATH=/usr/lib/x86_64-linux-gnu/libpcsamplingutil.so

//Path to a library.
CUDA_rt_LIBRARY:FILEPATH=/usr/lib/x86_64-linux-gnu/librt.a

//Maximum time allowed before CTest will kill the test.
DART_TESTING_TIMEOUT:STRING=1500

//The directory containing a CMake configuration file for Eigen3.
Eigen3_DIR:PATH=/usr/share/eigen3/cmake

//Directory under which to collect all populated content
FETCHCONTENT_BASE_DIR:PATH=/home/nathan/pcl_lib/build/_deps

//Disables all attempts to download or update content and assumes
// source dirs already exist
FETCHCONTENT_FULLY_DISCONNECTED:BOOL=OFF

//Enables QUIET option for all content population
FETCHCONTENT_QUIET:BOOL=ON

//When not empty, overrides where to find pre-populated content
// for CCCL
FETCHCONTENT_SOURCE_DIR_CCCL:PATH=

//When not empty, overrides where to find pre-populated content
// for cuco
FETCHCONTENT_SOURCE_DIR_CUCO:PATH=

//When not empty, overrides where to find pre-populated content
// for googletest
FETCHCONTENT_SOURCE_DIR_GOOGLETEST:PATH=

//When not empty, overrides where to find pre-populated content
// for rapids-cmake
FETCHCONTENT_SOURCE_DIR_RAPIDS-CMAKE:PATH=

//Enables UPDATE_DISCONNECTED behavior for all content population
FETCHCONTENT_UPDATES_DISCONNECTED:BOOL=OFF

//Enables UPDATE_DISCONNECTED behavior just for population of CCCL
FETCHCONTENT_UPDATES_DISCONNECTED_CCCL:BOOL=OFF

//Enables UPDATE_DISCONNECTED behavior just for population of cuco
FETCHCONTENT_UPDATES_DISCONNECTED_CUCO:BOOL=OFF

//Enables UPDATE_DISCONNECTED behavior just for population of googletest
FETCHCONTENT_UPDATES_DISCONNECTED_GOOGLETEST:BOOL=OFF

//Enables UPDATE_DISCONNECTED behavior just for population of rapids-cmake
FETCHCONTENT_UPDATES_DISCONNECTED_RAPIDS-CMAKE:BOOL=OFF

//Path to a program.
GITCOMMAND:FILEPATH=/usr/bin/git

//Git command line client
GIT_EXECUTABLE:FILEPATH=/usr/bin/git

//Use Abseil and RE2. Requires Abseil and RE2 to be separately
// added to the build.
GTEST_HAS_ABSL:BOOL=OFF

//Enable CMake install rules for cuco
INSTALL_CUCO:BOOL=OFF

//Enable installation of googletest. (Projects embedding googletest
// may want to turn this OFF.)
INSTALL_GTEST:BOOL=ON

//Command to build the project
MAKECOMMAND:STRING=/usr/bin/cmake --build . --config "${CTEST_CONFIGURATION_TYPE}"

//Path to the memory checking command, used for memory error detection.
MEMORYCHECK_COMMAND:FILEPATH=/usr/bin/compute-sanitizer

//File that contains suppressions for the memory checker
MEMORYCHECK_SUPPRESSIONS_FILE:FILEPATH=

//Name of the computer/site where compile is being run
SITE:STRING=nathan-Legion-5-15ARH7H

//The directory containing a CMake configuration file for Sophus.
Sophus_DIR:PATH=/usr/local/share/sophus/cmake

//Thrust dispatch type: Dynamic
THRUST_DISPATCH_TYPE:STRING=Dynamic

//Value Computed by CMake
Thrust_BINARY_DIR:STATIC=/home/nathan/pcl_lib/build/_deps/cccl-build/thrust

//The directory containing a CMake configuration file for Thrust.
Thrust_DIR:PATH=/home/nathan/pcl_lib/build/_deps/cccl-src/lib/cmake/thrust

//Value Computed by CMake
Thrust_IS_TOP_LEVEL:STATIC=OFF

//Value Computed by CMake
Thrust_SOURCE_DIR:STATIC=/home/nathan/pcl_lib/build/_deps/cccl-src/thrust

//Enable installation of cudax files.
cudax_ENABLE_INSTALL_RULES:BOOL=OFF

//Value Computed by CMake
gmock_BINARY_DIR:STATIC=/home/nathan/pcl_lib/build/_deps/googletest-build/googlemock

//Value Computed by CMake
gmock_IS_TOP_LEVEL:STATIC=OFF

//Dependencies for the target
gmock_LIB_DEPENDS:STATIC=general;gtest;

//Value Computed by CMake
gmock_SOURCE_DIR:STATIC=/home/nathan/pcl_lib/build/_deps/googletest-src/googlemock

//Build all of Google Mock's own tests.
gmock_build_tests:BOOL=OFF

//Dependencies for the target
gmock_main_LIB_DEPENDS:STATIC=general;gmock;

//Value Computed by CMake
googletest-distribution_BINARY_DIR:STATIC=/home/nathan/pcl_lib/build/_deps/googletest-build

//Value Computed by CMake
googletest-distribution_IS_TOP_LEVEL:STATIC=OFF

//Value Computed by CMake
googletest-distribution_SOURCE_DIR:STATIC=/home/nathan/pcl_lib/build/_deps/googletest-src

//Value Computed by CMake
gtest_BINARY_DIR:STATIC=/home/nathan/pcl_lib/build/_deps/googletest-build/googletest

//Value Computed by CMake
gtest_IS_TOP_LEVEL:STATIC=OFF

//Value Computed by CMake
gtest_SOURCE_DIR:STATIC=/home/nathan/pcl_lib/build/_deps/googletest-src/googletest

//Build gtest's sample programs.
gtest_build_samples:BOOL=OFF

//Build all of gtest's own tests.
gtest_build_tests:BOOL=OFF

//Disable uses of pthreads in gtest.
gtest_disable_pthreads:BOOL=OFF

//Use shared (DLL) run-time lib even when Google Test is built
// as static lib.
gtest_force_shared_crt:BOOL=ON

//Build gtest with internal symbols hidden in shared libraries.
gtest_hide_internal_symbols:BOOL=OFF

//Dependencies for the target
gtest_main_LIB_DEPENDS:STATIC=general;gtest;

//Value Computed by CMake
libcudacxx_BINARY_DIR:STATIC=/home/nathan/pcl_lib/build/_deps/cccl-build/libcudacxx

//The directory containing a CMake configuration file for libcudacxx.
libcudacxx_DIR:PATH=/home/nathan/pcl_lib/build/_deps/cccl-src/lib/cmake/libcudacxx

//Value Computed by CMake
libcudacxx_IS_TOP_LEVEL:STATIC=OFF

//Value Computed by CMake
libcudacxx_SOURCE_DIR:STATIC=/home/nathan/pcl_lib/build/_deps/cccl-src/libcudacxx

//Value Computed by CMake
pcl_lib_BINARY_DIR:STATIC=/home/nathan/pcl_lib/build

//Value Computed by CMake
pcl_lib_IS_TOP_LEVEL:STATIC=ON

//Value Computed by CMake
pcl_lib_SOURCE_DIR:STATIC=/home/nathan/pcl_lib


########################
# INTERNAL cache entries
########################

//ADVANCED property for variable: BUILD_TESTING
BUILD_TESTING-ADVANCED:INTERNAL=1
//ADVANCED property for variable: CCCL_ENABLE_DEFAULT_THRUST_TARGET
CCCL_ENABLE_DEFAULT_THRUST_TARGET-ADVANCED:INTERNAL=1
//ADVANCED property for variable: CCCL_THRUST_DEVICE_SYSTEM
CCCL_THRUST_DEVICE_SYSTEM-ADVANCED:INTERNAL=1
//STRINGS property for variable: CCCL_THRUST_DEVICE_SYSTEM
CCCL_THRUST_DEVICE_SYSTEM-STRINGS:INTERNAL=CUDA;CPP;OMP;TBB
//ADVANCED property for variable: CCCL_THRUST_HOST_SYSTEM
CCCL_THRUST_HOST_SYSTEM-ADVANCED:INTERNAL=1
//STRINGS property for variable: CCCL_THRUST_HOST_SYSTEM
CCCL_THRUST_HOST_SYSTEM-STRINGS:INTERNAL=CPP;OMP;TBB
//ADVANCED property for variable: CMAKE_ADDR2LINE
CMAKE_ADDR2LINE-ADVANCED:INTERNAL=1
//ADVANCED property for variable: CMAKE_AR
CMAKE_AR-ADVANCED:INTERNAL=1
//STRINGS property for variable: CMAKE_BUILD_TYPE
CMAKE_BUILD_TYPE-STRINGS:INTERNAL=Debug;Release;MinSizeRel;RelWithDebInfo
//This is the directory where this CMakeCache.txt was created
CMAKE_CACHEFILE_DIR:INTERNAL=/home/nathan/pcl_lib/build
//Major version of cmake used to create the current loaded cache
CMAKE_CACHE_MAJOR_VERSION:INTERNAL=4
//Minor version of cmake used to create the current loaded cache
CMAKE_CACHE_MINOR_VERSION:INTERNAL=1
//Patch version of cmake used to create the current loaded cache
CMAKE_CACHE_PATCH_VERSION:INTERNAL=2
//ADVANCED property for variable: CMAKE_COLOR_MAKEFILE
CMAKE_COLOR_MAKEFILE-ADVANCED:INTERNAL=1
//Path to CMake executable.
CMAKE_COMMAND:INTERNAL=/usr/bin/cmake
//Path to cpack program executable.
CMAKE_CPACK_COMMAND:INTERNAL=/usr/bin/cpack
//ADVANCED property for variable: CMAKE_CTEST_COMMAND
CMAKE_CTEST_COMMAND-ADVANCED:INTERNAL=1
//Path to ctest program executable.
CMAKE_CTEST_COMMAND:INTERNAL=/usr/bin/ctest
//ADVANCED property for variable: CMAKE_CUDA_COMPILER
CMAKE_CUDA_COMPILER-ADVANCED:INTERNAL=1
//ADVANCED property for variable: CMAKE_CUDA_FLAGS
CMAKE_CUDA_FLAGS-ADVANCED:INTERNAL=1
//ADVANCED property for variable: CMAKE_CUDA_FLAGS_DEBUG
CMAKE_CUDA_FLAGS_DEBUG-ADVANCED:INTERNAL=1
//ADVANCED property for variable: CMAKE_CUDA_FLAGS_MINSIZEREL
CMAKE_CUDA_FLAGS_MINSIZEREL-ADVANCED:INTERNAL=1
//ADVANCED property for variable: CMAKE_CUDA_FLAGS_RELEASE
CMAKE_CUDA_FLAGS_RELEASE-ADVANCED:INTERNAL=1
//ADVANCED property for variable: CMAKE_CUDA_FLAGS_RELWITHDEBINFO
CMAKE_CUDA_FLAGS_RELWITHDEBINFO-ADVANCED:INTERNAL=1
//ADVANCED property for variable: CMAKE_CXX_COMPILER
CMAKE_CXX_COMPILER-ADVANCED:INTERNAL=1
//ADVANCED property for variable: CMAKE_CXX_COMPILER_AR
CMAKE_CXX_COMPILER_AR-ADVANCED:INTERNAL=1
//ADVANCED property for variable: CMAKE_CXX_COMPILER_RANLIB
CMAKE_CXX_COMPILER_RANLIB-ADVANCED:INTERNAL=1
//ADVANCED property for variable: CMAKE_CXX_FLAGS
CMAKE_CXX_FLAGS-ADVANCED:INTERNAL=1
//ADVANCED property for variable: CMAKE_CXX_FLAGS_DEBUG
CMAKE_CXX_FLAGS_DEBUG-ADVANCED:INTERNAL=1
//ADVANCED property for variable: CMAKE_CXX_FLAGS_MINSIZEREL
CMAKE_CXX_FLAGS_MINSIZEREL-ADVANCED:INTERNAL=1
//ADVANCED property for variable: CMAKE_CXX_FLAGS_RELEASE
CMAKE_CXX_FLAGS_RELEASE-ADVANCED:INTERNAL=1
//ADVANCED property for variable: CMAKE_CXX_FLAGS_RELWITHDEBINFO
CMAKE_CXX_FLAGS_RELWITHDEBINFO-ADVANCED:INTERNAL=1
//ADVANCED property for variable: CMAKE_C_COMPILER
CMAKE_C_COMPILER-ADVANCED:INTERNAL=1
//ADVANCED property for variable: CMAKE_C_COMPILER_AR
CMAKE_C_COMPILER_AR-ADVANCED:INTERNAL=1
//ADVANCED property for variable: CMAKE_C_COMPILER_RANLIB
CMAKE_C_COMPILER_RANLIB-ADVANCED:INTERNAL=1
//ADVANCED property for variable: CMAKE_C_FLAGS
CMAKE_C_FLAGS-ADVANCED:INTERNAL=1
//ADVANCED property for variable: CMAKE_C_FLAGS_DEBUG
CMAKE_C_FLAGS_DEBUG-ADVANCED:INTERNAL=1
//ADVANCED property for variable: CMAKE_C_FLAGS_MINSIZEREL
CMAKE_C_FLAGS_MINSIZEREL-ADVANCED:INTERNAL=1
//ADVANCED property for variable: CMAKE_C_FLAGS_RELEASE
CMAKE_C_FLAGS_RELEASE-ADVANCED:INTERNAL=1
//ADVANCED property for variable: CMAKE_C_FLAGS_RELWITHDEBINFO
CMAKE_C_FLAGS_RELWITHDEBINFO-ADVANCED:INTERNAL=1
//ADVANCED property for variable: CMAKE_DLLTOOL
CMAKE_DLLTOOL-ADVANCED:INTERNAL=1
//Executable file format
CMAKE_EXECUTABLE_FORMAT:INTERNAL=ELF
//ADVANCED property for variable: CMAKE_EXE_LINKER_FLAGS
CMAKE_EXE_LINKER_FLAGS-ADVANCED:INTERNAL=1
//ADVANCED property for variable: CMAKE_EXE_LINKER_FLAGS_DEBUG
CMAKE_EXE_LINKER_FLAGS_DEBUG-ADVANCED:INTERNAL=1
//ADVANCED property for variable: CMAKE_EXE_LINKER_FLAGS_MINSIZEREL
CMAKE_EXE_LINKER_FLAGS_MINSIZEREL-ADVANCED:INTERNAL=1
//ADVANCED property for variable: CMAKE_EXE_LINKER_FLAGS_RELEASE
CMAKE_EXE_LINKER_FLAGS_RELEASE-ADVANCED:INTERNAL=1
//ADVANCED property for variable: CMAKE_EXE_LINKER_FLAGS_RELWITHDEBINFO
CMAKE_EXE_LINKER_FLAGS_RELWITHDEBINFO-ADVANCED:INTERNAL=1
//ADVANCED property for variable: CMAKE_EXPORT_COMPILE_COMMANDS
CMAKE_EXPORT_COMPILE_COMMANDS-ADVANCED:INTERNAL=1
//Name of external makefile project generator.
CMAKE_EXTRA_GENERATOR:INTERNAL=
//Name of generator.
CMAKE_GENERATOR:INTERNAL=Unix Makefiles
//Generator instance identifier.
CMAKE_GENERATOR_INSTANCE:INTERNAL=
//Name of generator platform.
CMAKE_GENERATOR_PLATFORM:INTERNAL=
//Name of generator toolset.
CMAKE_GENERATOR_TOOLSET:INTERNAL=
//Test CMAKE_HAVE_LIBC_PTHREAD
CMAKE_HAVE_LIBC_PTHREAD:INTERNAL=1
//Source directory with the top level CMakeLists.txt file for this
// project
CMAKE_HOME_DIRECTORY:INTERNAL=/home/nathan/pcl_lib
//ADVANCED property for variable: CMAKE_INSTALL_BINDIR
CMAKE_INSTALL_BINDIR-ADVANCED:INTERNAL=1
//ADVANCED property for variable: CMAKE_INSTALL_DATADIR
CMAKE_INSTALL_DATADIR-ADVANCED:INTERNAL=1
//ADVANCED property for variable: CMAKE_INSTALL_DATAROOTDIR
CMAKE_INSTALL_DATAROOTDIR-ADVANCED:INTERNAL=1
//ADVANCED property for variable: CMAKE_INSTALL_DOCDIR
CMAKE_INSTALL_DOCDIR-ADVANCED:INTERNAL=1
//ADVANCED property for variable: CMAKE_INSTALL_INCLUDEDIR
CMAKE_INSTALL_INCLUDEDIR-ADVANCED:INTERNAL=1
//ADVANCED property for variable: CMAKE_INSTALL_INFODIR
CMAKE_INSTALL_INFODIR-ADVANCED:INTERNAL=1
//ADVANCED property for variable: CMAKE_INSTALL_LIBDIR
CMAKE_INSTALL_LIBDIR-ADVANCED:INTERNAL=1
//ADVANCED property for variable: CMAKE_INSTALL_LIBEXECDIR
CMAKE_INSTALL_LIBEXECDIR-ADVANCED:INTERNAL=1
//ADVANCED property for variable: CMAKE_INSTALL_LOCALEDIR
CMAKE_INSTALL_LOCALEDIR-ADVANCED:INTERNAL=1
//ADVANCED property for variable: CMAKE_INSTALL_LOCALSTATEDIR
CMAKE_INSTALL_LOCALSTATEDIR-ADVANCED:INTERNAL=1
//ADVANCED property for variable: CMAKE_INSTALL_MANDIR
CMAKE_INSTALL_MANDIR-ADVANCED:INTERNAL=1
//ADVANCED property for variable: CMAKE_INSTALL_OLDINCLUDEDIR
CMAKE_INSTALL_OLDINCLUDEDIR-ADVANCED:INTERNAL=1
//ADVANCED property for variable: CMAKE_INSTALL_RUNSTATEDIR
CMAKE_INSTALL_RUNSTATEDIR-ADVANCED:INTERNAL=1
//ADVANCED property for variable: CMAKE_INSTALL_SBINDIR
CMAKE_INSTALL_SBINDIR-ADVANCED:INTERNAL=1
//ADVANCED property for variable: CMAKE_INSTALL_SHAREDSTATEDIR
CMAKE_INSTALL_SHAREDSTATEDIR-ADVANCED:INTERNAL=1
//Install .so files without execute permission.
CMAKE_INSTALL_SO_NO_EXE:INTERNAL=1
//ADVANCED property for variable: CMAKE_INSTALL_SYSCONFDIR
CMAKE_INSTALL_SYSCONFDIR-ADVANCED:INTERNAL=1
//ADVANCED property for variable: CMAKE_LINKER
CMAKE_LINKER-ADVANCED:INTERNAL=1
//Name of CMakeLists files to read
CMAKE_LIST_FILE_NAME:INTERNAL=CMakeLists.txt
//ADVANCED property for variable: CMAKE_MAKE_PROGRAM
CMAKE_MAKE_PROGRAM-ADVANCED:INTERNAL=1
//ADVANCED property for variable: CMAKE_MODULE_LINKER_FLAGS
CMAKE_MODULE_LINKER_FLAGS-ADVANCED:INTERNAL=1
//ADVANCED property for variable: CMAKE_MODULE_LINKER_FLAGS_DEBUG
CMAKE_MODULE_LINKER_FLAGS_DEBUG-ADVANCED:INTERNAL=1
//ADVANCED property for variable: CMAKE_MODULE_LINKER_FLAGS_MINSIZEREL
CMAKE_MODULE_LINKER_FLAGS_MINSIZEREL-ADVANCED:INTERNAL=1
//ADVANCED property for variable: CMAKE_MODULE_LINKER_FLAGS_RELEASE
CMAKE_MODULE_LINKER_FLAGS_RELEASE-ADVANCED:INTERNAL=1
//ADVANCED property for variable: CMAKE_MODULE_LINKER_FLAGS_RELWITHDEBINFO
CMAKE_MODULE_LINKER_FLAGS_RELWITHDEBINFO-ADVANCED:INTERNAL=1
//ADVANCED property for variable: CMAKE_NM
CMAKE_NM-ADVANCED:INTERNAL=1
//number of local generators
CMAKE_NUMBER_OF_MAKEFILES:INTERNAL=10
//ADVANCED property for variable: CMAKE_OBJCOPY
CMAKE_OBJCOPY-ADVANCED:INTERNAL=1
//ADVANCED property for variable: CMAKE_OBJDUMP
CMAKE_OBJDUMP-ADVANCED:INTERNAL=1
//Platform information initialized
CMAKE_PLATFORM_INFO_INITIALIZED:INTERNAL=1
//ADVANCED property for variable: CMAKE_RANLIB
CMAKE_RANLIB-ADVANCED:INTERNAL=1
//ADVANCED property for variable: CMAKE_READELF
CMAKE_READELF-ADVANCED:INTERNAL=1
//Path to CMake installation.
CMAKE_ROOT:INTERNAL=/usr/share/cmake-4.1
//ADVANCED property for variable: CMAKE_SHARED_LINKER_FLAGS
CMAKE_SHARED_LINKER_FLAGS-ADVANCED:INTERNAL=1
//ADVANCED property for variable: CMAKE_SHARED_LINKER_FLAGS_DEBUG
CMAKE_SHARED_LINKER_FLAGS_DEBUG-ADVANCED:INTERNAL=1
//ADVANCED property for variable: CMAKE_SHARED_LINKER_FLAGS_MINSIZEREL
CMAKE_SHARED_LINKER_FLAGS_MINSIZEREL-ADVANCED:INTERNAL=1
//ADVANCED property for variable: CMAKE_SHARED_LINKER_FLAGS_RELEASE
CMAKE_SHARED_LINKER_FLAGS_RELEASE-ADVANCED:INTERNAL=1
//ADVANCED property for variable: CMAKE_SHARED_LINKER_FLAGS_RELWITHDEBINFO
CMAKE_SHARED_LINKER_FLAGS_RELWITHDEBINFO-ADVANCED:INTERNAL=1
//ADVANCED property for variable: CMAKE_SKIP_INSTALL_RPATH
CMAKE_SKIP_INSTALL_RPATH-ADVANCED:INTERNAL=1
//ADVANCED property for variable: CMAKE_SKIP_RPATH
CMAKE_SKIP_RPATH-ADVANCED:INTERNAL=1
//ADVANCED property for variable: CMAKE_STATIC_LINKER_FLAGS
CMAKE_STATIC_LINKER_FLAGS-ADVANCED:INTERNAL=1
//ADVANCED property for variable: CMAKE_STATIC_LINKER_FLAGS_DEBUG
CMAKE_STATIC_LINKER_FLAGS_DEBUG-ADVANCED:INTERNAL=1
//ADVANCED property for variable: CMAKE_STATIC_LINKER_FLAGS_MINSIZEREL
CMAKE_STATIC_LINKER_FLAGS_MINSIZEREL-ADVANCED:INTERNAL=1
//ADVANCED property for variable: CMAKE_STATIC_LINKER_FLAGS_RELEASE
CMAKE_STATIC_LINKER_FLAGS_RELEASE-ADVANCED:INTERNAL=1
//ADVANCED property for variable: CMAKE_STATIC_LINKER_FLAGS_RELWITHDEBINFO
CMAKE_STATIC_LINKER_FLAGS_RELWITHDEBINFO-ADVANCED:INTERNAL=1
//ADVANCED property for variable: CMAKE_STRIP
CMAKE_STRIP-ADVANCED:INTERNAL=1
//ADVANCED property for variable: CMAKE_TAPI
CMAKE_TAPI-ADVANCED:INTERNAL=1
//uname command
CMAKE_UNAME:INTERNAL=/usr/bin/uname
//ADVANCED property for variable: CMAKE_VERBOSE_MAKEFILE
CMAKE_VERBOSE_MAKEFILE-ADVANCED:INTERNAL=1
//ADVANCED property for variable: COVERAGE_COMMAND
COVERAGE_COMMAND-ADVANCED:INTERNAL=1
//ADVANCED property for variable: COVERAGE_EXTRA_FLAGS
COVERAGE_EXTRA_FLAGS-ADVANCED:INTERNAL=1
CPM_DIRECTORY:INTERNAL=/home/nathan/pcl_lib/cmake
//ADVANCED property for variable: CPM_DONT_CREATE_PACKAGE_LOCK
CPM_DONT_CREATE_PACKAGE_LOCK-ADVANCED:INTERNAL=1
//ADVANCED property for variable: CPM_DONT_UPDATE_MODULE_PATH
CPM_DONT_UPDATE_MODULE_PATH-ADVANCED:INTERNAL=1
//ADVANCED property for variable: CPM_DOWNLOAD_ALL
CPM_DOWNLOAD_ALL-ADVANCED:INTERNAL=1
//Don't download or configure dependencies (for testing)
CPM_DRY_RUN:INTERNAL=OFF
CPM_FILE:INTERNAL=/home/nathan/pcl_lib/cmake/CPM.cmake
//ADVANCED property for variable: CPM_INCLUDE_ALL_IN_PACKAGE_LOCK
CPM_INCLUDE_ALL_IN_PACKAGE_LOCK-ADVANCED:INTERNAL=1
CPM_INDENT:INTERNAL=CPM:
//ADVANCED property for variable: CPM_LOCAL_PACKAGES_ONLY
CPM_LOCAL_PACKAGES_ONLY-ADVANCED:INTERNAL=1
CPM_PACKAGES:INTERNAL=cuco;CCCL
CPM_PACKAGE_CCCL_BINARY_DIR:INTERNAL=/home/nathan/pcl_lib/build/_deps/cccl-build
CPM_PACKAGE_CCCL_SOURCE_DIR:INTERNAL=/home/nathan/pcl_lib/build/_deps/cccl-src
CPM_PACKAGE_CCCL_VERSION:INTERNAL=3.0.2
CPM_PACKAGE_LOCK_FILE:INTERNAL=/home/nathan/pcl_lib/build/cpm-package-lock.cmake
CPM_PACKAGE_cuco_BINARY_DIR:INTERNAL=/home/nathan/pcl_lib/build/_deps/cuco-build
CPM_PACKAGE_cuco_SOURCE_DIR:INTERNAL=/home/nathan/pcl_lib/build/_deps/cuco-src
CPM_PACKAGE_cuco_VERSION:INTERNAL=
//ADVANCED property for variable: CPM_SOURCE_CACHE
CPM_SOURCE_CACHE-ADVANCED:INTERNAL=1
//ADVANCED property for variable: CPM_USE_LOCAL_PACKAGES
CPM_USE_LOCAL_PACKAGES-ADVANCED:INTERNAL=1
//ADVANCED property for variable: CPM_USE_NAMED_CACHE_DIRECTORIES
CPM_USE_NAMED_CACHE_DIRECTORIES-ADVANCED:INTERNAL=1
CPM_VERSION:INTERNAL=1.0.0-development-version
//ADVANCED property for variable: CTEST_SUBMIT_RETRY_COUNT
CTEST_SUBMIT_RETRY_COUNT-ADVANCED:INTERNAL=1
//ADVANCED property for variable: CTEST_SUBMIT_RETRY_DELAY
CTEST_SUBMIT_RETRY_DELAY-ADVANCED:INTERNAL=1
//ADVANCED property for variable: CUB_DIR
CUB_DIR-ADVANCED:INTERNAL=1
CUB_VERSION:INTERNAL=3.0.2.0
CUB_VERSION_COUNT:INTERNAL=4
CUB_VERSION_MAJOR:INTERNAL=3
CUB_VERSION_MINOR:INTERNAL=0
CUB_VERSION_PATCH:INTERNAL=2
CUB_VERSION_TWEAK:INTERNAL=0
//ADVANCED property for variable: CUDAToolkit_CUPTI_INCLUDE_DIR
CUDAToolkit_CUPTI_INCLUDE_DIR-ADVANCED:INTERNAL=1
//ADVANCED property for variable: CUDAToolkit_rt_LIBRARY
CUDAToolkit_rt_LIBRARY-ADVANCED:INTERNAL=1
//ADVANCED property for variable: CUDA_64_BIT_DEVICE_CODE
CUDA_64_BIT_DEVICE_CODE-ADVANCED:INTERNAL=1
//ADVANCED property for variable: CUDA_ATTACH_VS_BUILD_RULE_TO_CUDA_FILE
CUDA_ATTACH_VS_BUILD_RULE_TO_CUDA_FILE-ADVANCED:INTERNAL=1
//ADVANCED property for variable: CUDA_BUILD_CUBIN
CUDA_BUILD_CUBIN-ADVANCED:INTERNAL=1
//ADVANCED property for variable: CUDA_BUILD_EMULATION
CUDA_BUILD_EMULATION-ADVANCED:INTERNAL=1
//ADVANCED property for variable: CUDA_CUDART
CUDA_CUDART-ADVANCED:INTERNAL=1
//ADVANCED property for variable: CUDA_CUDART_LIBRARY
CUDA_CUDART_LIBRARY-ADVANCED:INTERNAL=1
//ADVANCED property for variable: CUDA_CUDA_LIBRARY
CUDA_CUDA_LIBRARY-ADVANCED:INTERNAL=1
//ADVANCED property for variable: CUDA_GENERATED_OUTPUT_DIR
CUDA_GENERATED_OUTPUT_DIR-ADVANCED:INTERNAL=1
//ADVANCED property for variable: CUDA_HOST_COMPILATION_CPP
CUDA_HOST_COMPILATION_CPP-ADVANCED:INTERNAL=1
//ADVANCED property for variable: CUDA_NVCC_EXECUTABLE
CUDA_NVCC_EXECUTABLE-ADVANCED:INTERNAL=1
//ADVANCED property for variable: CUDA_NVCC_FLAGS
CUDA_NVCC_FLAGS-ADVANCED:INTERNAL=1
//ADVANCED property for variable: CUDA_NVCC_FLAGS_DEBUG
CUDA_NVCC_FLAGS_DEBUG-ADVANCED:INTERNAL=1
//ADVANCED property for variable: CUDA_NVCC_FLAGS_MINSIZEREL
CUDA_NVCC_FLAGS_MINSIZEREL-ADVANCED:INTERNAL=1
//ADVANCED property for variable: CUDA_NVCC_FLAGS_RELEASE
CUDA_NVCC_FLAGS_RELEASE-ADVANCED:INTERNAL=1
//ADVANCED property for variable: CUDA_NVCC_FLAGS_RELWITHDEBINFO
CUDA_NVCC_FLAGS_RELWITHDEBINFO-ADVANCED:INTERNAL=1
//ADVANCED property for variable: CUDA_OpenCL_LIBRARY
CUDA_OpenCL_LIBRARY-ADVANCED:INTERNAL=1
//ADVANCED property for variable: CUDA_PROPAGATE_HOST_FLAGS
CUDA_PROPAGATE_HOST_FLAGS-ADVANCED:INTERNAL=1
//This is the value of the last time CUDA_SDK_ROOT_DIR was set
// successfully.
CUDA_SDK_ROOT_DIR_INTERNAL:INTERNAL=CUDA_SDK_ROOT_DIR-NOTFOUND
//ADVANCED property for variable: CUDA_SEPARABLE_COMPILATION
CUDA_SEPARABLE_COMPILATION-ADVANCED:INTERNAL=1
//ADVANCED property for variable: CUDA_TOOLKIT_INCLUDE
CUDA_TOOLKIT_INCLUDE-ADVANCED:INTERNAL=1
//This is the value of the last time CUDA_TOOLKIT_ROOT_DIR was
// set successfully.
CUDA_TOOLKIT_ROOT_DIR_INTERNAL:INTERNAL=/usr
//This is the value of the last time CUDA_TOOLKIT_TARGET_DIR was
// set successfully.
CUDA_TOOLKIT_TARGET_DIR_INTERNAL:INTERNAL=/usr
//ADVANCED property for variable: CUDA_VERBOSE_BUILD
CUDA_VERBOSE_BUILD-ADVANCED:INTERNAL=1
//ADVANCED property for variable: CUDA_VERSION
CUDA_VERSION-ADVANCED:INTERNAL=1
//ADVANCED property for variable: CUDA_cuFile_LIBRARY
CUDA_cuFile_LIBRARY-ADVANCED:INTERNAL=1
//ADVANCED property for variable: CUDA_cuFile_rdma_LIBRARY
CUDA_cuFile_rdma_LIBRARY-ADVANCED:INTERNAL=1
//ADVANCED property for variable: CUDA_cuFile_rdma_static_LIBRARY
CUDA_cuFile_rdma_static_LIBRARY-ADVANCED:INTERNAL=1
//ADVANCED property for variable: CUDA_cuFile_static_LIBRARY
CUDA_cuFile_static_LIBRARY-ADVANCED:INTERNAL=1
//ADVANCED property for variable: CUDA_cublasLt_LIBRARY
CUDA_cublasLt_LIBRARY-ADVANCED:INTERNAL=1
//ADVANCED property for variable: CUDA_cublasLt_static_LIBRARY
CUDA_cublasLt_static_LIBRARY-ADVANCED:INTERNAL=1
//ADVANCED property for variable: CUDA_cublas_LIBRARY
CUDA_cublas_LIBRARY-ADVANCED:INTERNAL=1
//ADVANCED property for variable: CUDA_cublas_static_LIBRARY
CUDA_cublas_static_LIBRARY-ADVANCED:INTERNAL=1
//ADVANCED property for variable: CUDA_cuda_driver_LIBRARY
CUDA_cuda_driver_LIBRARY-ADVANCED:INTERNAL=1
//ADVANCED property for variable: CUDA_cudadevrt_LIBRARY
CUDA_cudadevrt_LIBRARY-ADVANCED:INTERNAL=1
//ADVANCED property for variable: CUDA_cudart_LIBRARY
CUDA_cudart_LIBRARY-ADVANCED:INTERNAL=1
//ADVANCED property for variable: CUDA_cudart_static_LIBRARY
CUDA_cudart_static_LIBRARY-ADVANCED:INTERNAL=1
//ADVANCED property for variable: CUDA_cudla_LIBRARY
CUDA_cudla_LIBRARY-ADVANCED:INTERNAL=1
//ADVANCED property for variable: CUDA_cufft_LIBRARY
CUDA_cufft_LIBRARY-ADVANCED:INTERNAL=1
//ADVANCED property for variable: CUDA_cufft_static_LIBRARY
CUDA_cufft_static_LIBRARY-ADVANCED:INTERNAL=1
//ADVANCED property for variable: CUDA_cufft_static_nocallback_LIBRARY
CUDA_cufft_static_nocallback_LIBRARY-ADVANCED:INTERNAL=1
//ADVANCED property for variable: CUDA_cufftw_LIBRARY
CUDA_cufftw_LIBRARY-ADVANCED:INTERNAL=1
//ADVANCED property for variable: CUDA_cufftw_static_LIBRARY
CUDA_cufftw_static_LIBRARY-ADVANCED:INTERNAL=1
//ADVANCED property for variable: CUDA_culibos_LIBRARY
CUDA_culibos_LIBRARY-ADVANCED:INTERNAL=1
//ADVANCED property for variable: CUDA_cupti_LIBRARY
CUDA_cupti_LIBRARY-ADVANCED:INTERNAL=1
//ADVANCED property for variable: CUDA_cupti_static_LIBRARY
CUDA_cupti_static_LIBRARY-ADVANCED:INTERNAL=1
//ADVANCED property for variable: CUDA_curand_LIBRARY
CUDA_curand_LIBRARY-ADVANCED:INTERNAL=1
//ADVANCED property for variable: CUDA_curand_static_LIBRARY
CUDA_curand_static_LIBRARY-ADVANCED:INTERNAL=1
//ADVANCED property for variable: CUDA_cusolver_LIBRARY
CUDA_cusolver_LIBRARY-ADVANCED:INTERNAL=1
//ADVANCED property for variable: CUDA_cusolver_lapack_static_LIBRARY
CUDA_cusolver_lapack_static_LIBRARY-ADVANCED:INTERNAL=1
//ADVANCED property for variable: CUDA_cusolver_metis_static_LIBRARY
CUDA_cusolver_metis_static_LIBRARY-ADVANCED:INTERNAL=1
//ADVANCED property for variable: CUDA_cusolver_static_LIBRARY
CUDA_cusolver_static_LIBRARY-ADVANCED:INTERNAL=1
//ADVANCED property for variable: CUDA_cusparse_LIBRARY
CUDA_cusparse_LIBRARY-ADVANCED:INTERNAL=1
//ADVANCED property for variable: CUDA_cusparse_static_LIBRARY
CUDA_cusparse_static_LIBRARY-ADVANCED:INTERNAL=1
//Location of make2cmake.cmake
CUDA_make2cmake:INTERNAL=/usr/share/cmake-4.1/Modules/FindCUDA/make2cmake.cmake
//ADVANCED property for variable: CUDA_nppc_LIBRARY
CUDA_nppc_LIBRARY-ADVANCED:INTERNAL=1
//ADVANCED property for variable: CUDA_nppc_static_LIBRARY
CUDA_nppc_static_LIBRARY-ADVANCED:INTERNAL=1
//ADVANCED property for variable: CUDA_nppial_LIBRARY
CUDA_nppial_LIBRARY-ADVANCED:INTERNAL=1
//ADVANCED property for variable: CUDA_nppial_static_LIBRARY
CUDA_nppial_static_LIBRARY-ADVANCED:INTERNAL=1
//ADVANCED property for variable: CUDA_nppicc_LIBRARY
CUDA_nppicc_LIBRARY-ADVANCED:INTERNAL=1
//ADVANCED property for variable: CUDA_nppicc_static_LIBRARY
CUDA_nppicc_static_LIBRARY-ADVANCED:INTERNAL=1
//ADVANCED property for variable: CUDA_nppicom_LIBRARY
CUDA_nppicom_LIBRARY-ADVANCED:INTERNAL=1
//ADVANCED property for variable: CUDA_nppicom_static_LIBRARY
CUDA_nppicom_static_LIBRARY-ADVANCED:INTERNAL=1
//ADVANCED property for variable: CUDA_nppidei_LIBRARY
CUDA_nppidei_LIBRARY-ADVANCED:INTERNAL=1
//ADVANCED property for variable: CUDA_nppidei_static_LIBRARY
CUDA_nppidei_static_LIBRARY-ADVANCED:INTERNAL=1
//ADVANCED property for variable: CUDA_nppif_LIBRARY
CUDA_nppif_LIBRARY-ADVANCED:INTERNAL=1
//ADVANCED property for variable: CUDA_nppif_static_LIBRARY
CUDA_nppif_static_LIBRARY-ADVANCED:INTERNAL=1
//ADVANCED property for variable: CUDA_nppig_LIBRARY
CUDA_nppig_LIBRARY-ADVANCED:INTERNAL=1
//ADVANCED property for variable: CUDA_nppig_static_LIBRARY
CUDA_nppig_static_LIBRARY-ADVANCED:INTERNAL=1
//ADVANCED property for variable: CUDA_nppim_LIBRARY
CUDA_nppim_LIBRARY-ADVANCED:INTERNAL=1
//ADVANCED property for variable: CUDA_nppim_static_LIBRARY
CUDA_nppim_static_LIBRARY-ADVANCED:INTERNAL=1
//ADVANCED property for variable: CUDA_nppist_LIBRARY
CUDA_nppist_LIBRARY-ADVANCED:INTERNAL=1
//ADVANCED property for variable: CUDA_nppist_static_LIBRARY
CUDA_nppist_static_LIBRARY-ADVANCED:INTERNAL=1
//ADVANCED property for variable: CUDA_nppisu_LIBRARY
CUDA_nppisu_LIBRARY-ADVANCED:INTERNAL=1
//ADVANCED property for variable: CUDA_nppisu_static_LIBRARY
CUDA_nppisu_static_LIBRARY-ADVANCED:INTERNAL=1
//ADVANCED property for variable: CUDA_nppitc_LIBRARY
CUDA_nppitc_LIBRARY-ADVANCED:INTERNAL=1
//ADVANCED property for variable: CUDA_nppitc_static_LIBRARY
CUDA_nppitc_static_LIBRARY-ADVANCED:INTERNAL=1
//ADVANCED property for variable: CUDA_npps_LIBRARY
CUDA_npps_LIBRARY-ADVANCED:INTERNAL=1
//ADVANCED property for variable: CUDA_npps_static_LIBRARY
CUDA_npps_static_LIBRARY-ADVANCED:INTERNAL=1
//ADVANCED property for variable: CUDA_nvJitLink_LIBRARY
CUDA_nvJitLink_LIBRARY-ADVANCED:INTERNAL=1
//ADVANCED property for variable: CUDA_nvJitLink_static_LIBRARY
CUDA_nvJitLink_static_LIBRARY-ADVANCED:INTERNAL=1
//ADVANCED property for variable: CUDA_nvToolsExt_LIBRARY
CUDA_nvToolsExt_LIBRARY-ADVANCED:INTERNAL=1
//ADVANCED property for variable: CUDA_nvgraph_LIBRARY
CUDA_nvgraph_LIBRARY-ADVANCED:INTERNAL=1
//ADVANCED property for variable: CUDA_nvgraph_static_LIBRARY
CUDA_nvgraph_static_LIBRARY-ADVANCED:INTERNAL=1
//ADVANCED property for variable: CUDA_nvjpeg_LIBRARY
CUDA_nvjpeg_LIBRARY-ADVANCED:INTERNAL=1
//ADVANCED property for variable: CUDA_nvjpeg_static_LIBRARY
CUDA_nvjpeg_static_LIBRARY-ADVANCED:INTERNAL=1
//ADVANCED property for variable: CUDA_nvml_LIBRARY
CUDA_nvml_LIBRARY-ADVANCED:INTERNAL=1
//ADVANCED property for variable: CUDA_nvml_static_LIBRARY
CUDA_nvml_static_LIBRARY-ADVANCED:INTERNAL=1
//ADVANCED property for variable: CUDA_nvperf_host_LIBRARY
CUDA_nvperf_host_LIBRARY-ADVANCED:INTERNAL=1
//ADVANCED property for variable: CUDA_nvperf_host_static_LIBRARY
CUDA_nvperf_host_static_LIBRARY-ADVANCED:INTERNAL=1
//ADVANCED property for variable: CUDA_nvperf_target_LIBRARY
CUDA_nvperf_target_LIBRARY-ADVANCED:INTERNAL=1
//ADVANCED property for variable: CUDA_nvptxcompiler_static_LIBRARY
CUDA_nvptxcompiler_static_LIBRARY-ADVANCED:INTERNAL=1
//ADVANCED property for variable: CUDA_nvrtc_LIBRARY
CUDA_nvrtc_LIBRARY-ADVANCED:INTERNAL=1
//ADVANCED property for variable: CUDA_nvrtc_builtins_LIBRARY
CUDA_nvrtc_builtins_LIBRARY-ADVANCED:INTERNAL=1
//ADVANCED property for variable: CUDA_nvrtc_builtins_static_LIBRARY
CUDA_nvrtc_builtins_static_LIBRARY-ADVANCED:INTERNAL=1
//ADVANCED property for variable: CUDA_nvrtc_static_LIBRARY
CUDA_nvrtc_static_LIBRARY-ADVANCED:INTERNAL=1
//Location of parse_cubin.cmake
CUDA_parse_cubin:INTERNAL=/usr/share/cmake-4.1/Modules/FindCUDA/parse_cubin.cmake
//ADVANCED property for variable: CUDA_pcsamplingutil_LIBRARY
CUDA_pcsamplingutil_LIBRARY-ADVANCED:INTERNAL=1
//ADVANCED property for variable: CUDA_rt_LIBRARY
CUDA_rt_LIBRARY-ADVANCED:INTERNAL=1
//Location of run_nvcc.cmake
CUDA_run_nvcc:INTERNAL=/usr/share/cmake-4.1/Modules/FindCUDA/run_nvcc.cmake
//ADVANCED property for variable: DART_TESTING_TIMEOUT
DART_TESTING_TIMEOUT-ADVANCED:INTERNAL=1
//ADVANCED property for variable: FETCHCONTENT_BASE_DIR
FETCHCONTENT_BASE_DIR-ADVANCED:INTERNAL=1
//ADVANCED property for variable: FETCHCONTENT_FULLY_DISCONNECTED
FETCHCONTENT_FULLY_DISCONNECTED-ADVANCED:INTERNAL=1
//ADVANCED property for variable: FETCHCONTENT_QUIET
FETCHCONTENT_QUIET-ADVANCED:INTERNAL=1
//ADVANCED property for variable: FETCHCONTENT_UPDATES_DISCONNECTED
FETCHCONTENT_UPDATES_DISCONNECTED-ADVANCED:INTERNAL=1
//Details about finding CCCL
FIND_PACKAGE_MESSAGE_DETAILS_CCCL:INTERNAL=[/home/nathan/pcl_lib/build/_deps/cccl-src/lib/cmake/cccl/cccl-config.cmake][v3.0.2.0()]
//Details about finding CUB
FIND_PACKAGE_MESSAGE_DETAILS_CUB:INTERNAL=[/home/nathan/pcl_lib/build/_deps/cccl-src/lib/cmake/cub/cub-config.cmake][v3.0.2.0(3.0.2.0)]
//Details about finding CUDA
FIND_PACKAGE_MESSAGE_DETAILS_CUDA:INTERNAL=[/usr][/usr/bin/nvcc][/usr/include][/usr/lib/x86_64-linux-gnu/libcudart_static.a][v12.0()]
//Details about finding CUDAToolkit
FIND_PACKAGE_MESSAGE_DETAILS_CUDAToolkit:INTERNAL=[/usr/include][/usr/lib/x86_64-linux-gnu/libcudart.so][/usr/bin][v12.0.140()]
//Details about finding Python
FIND_PACKAGE_MESSAGE_DETAILS_Python:INTERNAL=[/usr/bin/python3.12][found components: Interpreter ][v3.12.3()]
//Details about finding Threads
FIND_PACKAGE_MESSAGE_DETAILS_Threads:INTERNAL=[TRUE][v()]
//Details about finding Thrust
FIND_PACKAGE_MESSAGE_DETAILS_Thrust:INTERNAL=[/home/nathan/pcl_lib/build/_deps/cccl-src/lib/cmake/thrust/thrust-config.cmake][v3.0.2.0()]
//Details about finding libcudacxx
FIND_PACKAGE_MESSAGE_DETAILS_libcudacxx:INTERNAL=[/home/nathan/pcl_lib/build/_deps/cccl-src/lib/cmake/libcudacxx/libcudacxx-config.cmake][v3.0.2.0(3.0.2.0)]
//ADVANCED property for variable: GITCOMMAND
GITCOMMAND-ADVANCED:INTERNAL=1
//ADVANCED property for variable: GIT_EXECUTABLE
GIT_EXECUTABLE-ADVANCED:INTERNAL=1
LIBCUDACXX_VERSION:INTERNAL=3.0.2.0
LIBCUDACXX_VERSION_COUNT:INTERNAL=4
LIBCUDACXX_VERSION_MAJOR:INTERNAL=3
LIBCUDACXX_VERSION_MINOR:INTERNAL=0
LIBCUDACXX_VERSION_PATCH:INTERNAL=2
LIBCUDACXX_VERSION_TWEAK:INTERNAL=0
//ADVANCED property for variable: MAKECOMMAND
MAKECOMMAND-ADVANCED:INTERNAL=1
//ADVANCED property for variable: MEMORYCHECK_COMMAND
MEMORYCHECK_COMMAND-ADVANCED:INTERNAL=1
//ADVANCED property for variable: MEMORYCHECK_SUPPRESSIONS_FILE
MEMORYCHECK_SUPPRESSIONS_FILE-ADVANCED:INTERNAL=1
//ADVANCED property for variable: SITE
SITE-ADVANCED:INTERNAL=1
//CUB version used by Thrust
THRUST_CUB_VERSION:INTERNAL=3.0.2.0
//Valid Thrust device systems
THRUST_DEVICE_SYSTEM_OPTIONS:INTERNAL=CUDA;CPP;OMP;TBB
//STRINGS property for variable: THRUST_DISPATCH_TYPE
THRUST_DISPATCH_TYPE-STRINGS:INTERNAL=Dynamic;Force32bit;Force64bit
//Valid Thrust dispatch types
THRUST_DISPATCH_TYPE_OPTIONS:INTERNAL=Dynamic;Force32bit;Force64bit
//Valid Thrust host systems.
THRUST_HOST_SYSTEM_OPTIONS:INTERNAL=CPP;OMP;TBB
THRUST_VERSION:INTERNAL=3.0.2.0
THRUST_VERSION_COUNT:INTERNAL=4
THRUST_VERSION_MAJOR:INTERNAL=3
THRUST_VERSION_MINOR:INTERNAL=0
THRUST_VERSION_PATCH:INTERNAL=2
THRUST_VERSION_TWEAK:INTERNAL=0
//libcudacxx version used by Thrust
THRUST_libcudacxx_VERSION:INTERNAL=3.0.2.0
//ADVANCED property for variable: Thrust_DIR
Thrust_DIR-ADVANCED:INTERNAL=1
Thrust_VERSION:INTERNAL=3.0.2.0
Thrust_VERSION_COUNT:INTERNAL=4
Thrust_VERSION_MAJOR:INTERNAL=3
Thrust_VERSION_MINOR:INTERNAL=0
Thrust_VERSION_PATCH:INTERNAL=2
Thrust_VERSION_TWEAK:INTERNAL=0
//Location of CUB headers.
_CUB_INCLUDE_DIR:INTERNAL=/home/nathan/pcl_lib/build/_deps/cccl-src/lib/cmake/cub/../../../cub
//Quiet mode enabled for CUB find_package calls.
_CUB_QUIET:INTERNAL=OFF
_CUB_QUIET_FLAG:INTERNAL=
_CUB_VERSION_INCLUDE_DIR:INTERNAL=/home/nathan/pcl_lib/build/_deps/cccl-src/lib/cmake/cub/../../../cub
//CMAKE_INSTALL_PREFIX during last run
_GNUInstallDirs_LAST_CMAKE_INSTALL_PREFIX:INTERNAL=/usr/local
//Compiler reason failure
_Python_Compiler_REASON_FAILURE:INTERNAL=
//Development reason failure
_Python_Development_REASON_FAILURE:INTERNAL=
//Path to a program.
_Python_EXECUTABLE:INTERNAL=/usr/bin/python3.12
//Python Properties
_Python_INTERPRETER_PROPERTIES:INTERNAL=Python;3;12;3;64;32;<none>;cpython-312-x86_64-linux-gnu;abi3;/usr/lib/python3.12;/usr/lib/python3.12;/usr/local/lib/python3.12/dist-packages;/usr/local/lib/python3.12/dist-packages
_Python_INTERPRETER_SIGNATURE:INTERNAL=0b516266b7ed9a0986c924c82c2c3a08
//NumPy reason failure
_Python_NumPy_REASON_FAILURE:INTERNAL=
//Location of thrust-config.cmake
_THRUST_CMAKE_DIR:INTERNAL=/home/nathan/pcl_lib/build/_deps/cccl-src/lib/cmake/thrust
//Location of Thrust headers.
_THRUST_INCLUDE_DIR:INTERNAL=/home/nathan/pcl_lib/build/_deps/cccl-src/lib/cmake/thrust/../../../thrust
_THRUST_VERSION_INCLUDE_DIR:INTERNAL=/home/nathan/pcl_lib/build/_deps/cccl-src/lib/cmake/thrust/../../../thrust
//Location of libcudacxx headers.
_libcudacxx_INCLUDE_DIR:INTERNAL=/home/nathan/pcl_lib/build/_deps/cccl-src/lib/cmake/libcudacxx/../../../libcudacxx/include
_libcudacxx_VERSION_INCLUDE_DIR:INTERNAL=/home/nathan/pcl_lib/build/_deps/cccl-src/lib/cmake/libcudacxx/../../../libcudacxx/include
cmake_package_name:INTERNAL=GTest
generated_dir:INTERNAL=/home/nathan/pcl_lib/build/_deps/googletest-build/googletest/generated
//ADVANCED property for variable: gmock_build_tests
gmock_build_tests-ADVANCED:INTERNAL=1
//ADVANCED property for variable: gtest_build_samples
gtest_build_samples-ADVANCED:INTERNAL=1
//ADVANCED property for variable: gtest_build_tests
gtest_build_tests-ADVANCED:INTERNAL=1
//ADVANCED property for variable: gtest_disable_pthreads
gtest_disable_pthreads-ADVANCED:INTERNAL=1
//ADVANCED property for variable: gtest_force_shared_crt
gtest_force_shared_crt-ADVANCED:INTERNAL=1
//ADVANCED property for variable: gtest_hide_internal_symbols
gtest_hide_internal_symbols-ADVANCED:INTERNAL=1
//ADVANCED property for variable: libcudacxx_DIR
libcudacxx_DIR-ADVANCED:INTERNAL=1
rapids-cmake-dir:INTERNAL=/home/nathan/pcl_lib/build/_deps/rapids-cmake-src/rapids-cmake
targets_export_name:INTERNAL=GTestTargets

